<?xml version="1.0" encoding="UTF-8"?>
<testsuite xmlns:xsi="http://www.w3.org/2001/XMLSchema-instance" xsi:noNamespaceSchemaLocation="https://maven.apache.org/surefire/maven-surefire-plugin/xsd/surefire-test-report-3.0.xsd" version="3.0" name="com.ligo.mobile.runner.MobileRunnerTest" time="111.342" tests="1" errors="0" skipped="0" failures="0">
  <properties>
[...]
</properties>
  <testcase name="Compra desde login hasta confirmación usando data JSON" classname="Flujo de compra en la aplicación móvil" time="110.768">
    <system-out><![CDATA[
Escenario: Compra desde login hasta confirmación usando data JSON # src/test/resources/com/ligo/mobile/features/mobile_purchase.feature:7
  Dado que el usuario carga la data del JSON                      # com.ligo.mobile.stepdefinitions.MobilePurchaseStepDefinitions.queElUsuarioCargaLaDataDelJson()
  Y que el usuario inicia sesión con la data del JSON             # com.ligo.mobile.stepdefinitions.MobilePurchaseStepDefinitions.queElUsuarioIniciaSesionConDatosDelJson()
  Y que el usuario está en la pantalla de productos               # com.ligo.mobile.stepdefinitions.MobilePurchaseStepDefinitions.queElUsuarioEstaEnLaPantallaDeProductos()
  Cuando selecciona el producto de la data del JSON               # com.ligo.mobile.stepdefinitions.MobilePurchaseStepDefinitions.seleccionaElProductoDesdeJson()
  Y agrega el producto al carrito                                 # com.ligo.mobile.stepdefinitions.MobilePurchaseStepDefinitions.agregaElProductoAlCarrito()
  Y abre el carrito                                               # com.ligo.mobile.stepdefinitions.MobilePurchaseStepDefinitions.abreElCarrito()
  Y continúa con el checkout                                      # com.ligo.mobile.stepdefinitions.MobilePurchaseStepDefinitions.continuaConElCheckout()
  Y completa el checkout con la data del JSON                     # com.ligo.mobile.stepdefinitions.MobilePurchaseStepDefinitions.completaElCheckoutConLosDatosDelJson()
  Y confirma la compra                                            # com.ligo.mobile.stepdefinitions.MobilePurchaseStepDefinitions.confirmaLaCompra()
  Entonces se muestra la confirmación de compra                   # com.ligo.mobile.stepdefinitions.MobilePurchaseStepDefinitions.seMuestraLaConfirmacionDeCompra()
]]></system-out>
    <system-err><![CDATA[SLF4J: No SLF4J providers were found.
SLF4J: Defaulting to no-operation (NOP) logger implementation
SLF4J: See https://www.slf4j.org/codes.html#noProviders for further details.
]]></system-err>
  </testcase>
</testsuite>