<?xml version="1.0" encoding="UTF-8"?>
<testsuite xmlns:xsi="http://www.w3.org/2001/XMLSchema-instance" xsi:noNamespaceSchemaLocation="https://maven.apache.org/surefire/maven-surefire-plugin/xsd/surefire-test-report-3.0.xsd" version="3.0" name="com.ligo.web.runner.RunCucumberTest" time="24.273" tests="2" errors="0" skipped="0" failures="0">
  <properties>
[...]
</properties>
  <testcase name="Completar compra con un usuario estándar válido" classname="Flujo de compra en SauceDemo" time="17.236">
    <system-out><![CDATA[
@AUTOMATION_WEB @AUTOMATION_WEB_001
Escenario: Completar compra con un usuario estándar válido                 # src/test/resources/com/ligo/web/features/purchase.feature:9
  Dado que el usuario está en la página de login de SauceDemo              # com.ligo.web.stepdefinitions.PurchaseSteps.usuarioEstaEnLaPaginaDeLogin()
  Cuando inicia sesión con las credenciales estándar                       # com.ligo.web.stepdefinitions.PurchaseSteps.iniciaSesionConCredencialesEstandar()
  Y agrega el producto "Sauce Labs Backpack" al carrito                    # com.ligo.web.stepdefinitions.PurchaseSteps.agregaProductoAlCarrito(java.lang.String)
  Y abre el carrito de compras                                             # com.ligo.web.stepdefinitions.PurchaseSteps.abreElCarritoDeCompras()
  Y completa el checkout con "Rosalba" "Pérez" y código postal "28001"     # com.ligo.web.stepdefinitions.PurchaseSteps.completaCheckoutConDatosCliente(java.lang.String,java.lang.String,java.lang.String)
  Entonces el mensaje de confirmación debe ser "Thank you for your order!" # com.ligo.web.stepdefinitions.PurchaseSteps.mensajeDeConfirmacionDebeSer(java.lang.String)
]]></system-out>
  </testcase>
  <testcase name="El login inválido es rechazado" classname="Flujo de compra en SauceDemo" time="6.451">
    <system-out><![CDATA[
@AUTOMATION_WEB @AUTOMATION_WEB_002
Escenario: El login inválido es rechazado                          # src/test/resources/com/ligo/web/features/purchase.feature:18
  Dado que el usuario está en la página de login de SauceDemo      # com.ligo.web.stepdefinitions.PurchaseSteps.usuarioEstaEnLaPaginaDeLogin()
  Cuando inicia sesión con "locked_out_user" y "secret_sauce"      # com.ligo.web.stepdefinitions.PurchaseSteps.iniciaSesionConCredenciales(java.lang.String,java.lang.String)
  Entonces el mensaje de error de login debe contener "locked out" # com.ligo.web.stepdefinitions.PurchaseSteps.mensajeDeErrorDebeContener(java.lang.String)
]]></system-out>
  </testcase>
</testsuite>